===2017-10-18 10:00:58.324 INFO  request.trace.logger Line:51  -
				RequestLoggingAspect#
REQUEST->
{
  "request_id" : "x-66aa8096-5b80-447d-bfa7-9ef735780b52",
  "url" : "http://localhost:8080/get/6318018633613852675",
  "method" : "GET",
  "params_map" : { },
  "headers" : {
    "host" : "localhost:8080",
    "connection" : "keep-alive",
    "cache-control" : "max-age=0",
    "upgrade-insecure-requests" : "1",
    "user-agent" : "Mozilla/5.0 (Windows NT 6.1; Win64; x64) AppleWebKit/537.36 (KHTML, like Gecko) Chrome/59.0.3071.115 Safari/537.36",
    "accept" : "text/html,application/xhtml+xml,application/xml;q=0.9,image/webp,image/apng,*/*;q=0.8",
    "accept-encoding" : "gzip, deflate, br",
    "accept-language" : "zh-CN,zh;q=0.8",
    "cookie" : "JSESSIONID=AC7C416A274CD6F4915D7C9895DD9831; SESSION=308577ad-1e72-4052-a8f1-86b008cfe01f"
  },
  "request_time" : "2017-10-18T10:00:58.308+08:00",
  "response_time" : "2017-10-18T10:00:58.323+08:00",
  "character_encoding" : "UTF-8",
  "content_length" : -1,
  "remote_host" : "0:0:0:0:0:0:0:1",
  "remote_port" : 53334
}
RESPONSE->
 {
  "headers" : {
    "X-Request-Id" : "x-66aa8096-5b80-447d-bfa7-9ef735780b52"
  },
  "response_body" : {
    "data" : {
      "orderId" : "6318018633613852675",
      "buyerInstId" : "10000016",
      "buyerId" : "1508292047",
      "sellerInstId" : "6280581163371201539",
      "price" : 0.0100,
      "status" : 0,
      "createdTime" : 1508217854,
      "payTime" : 0
    },
    "code" : 0
  }
}
===2017-10-18 10:00:59.292 INFO  request.trace.logger Line:51  -
				RequestLoggingAspect#
REQUEST->
{
  "request_id" : "x-dd074eec-f89b-4446-81b4-2edbfeadc5f1",
  "url" : "http://localhost:8080/get/6318018633613852675",
  "method" : "GET",
  "params_map" : { },
  "headers" : {
    "host" : "localhost:8080",
    "connection" : "keep-alive",
    "cache-control" : "max-age=0",
    "upgrade-insecure-requests" : "1",
    "user-agent" : "Mozilla/5.0 (Windows NT 6.1; Win64; x64) AppleWebKit/537.36 (KHTML, like Gecko) Chrome/59.0.3071.115 Safari/537.36",
    "accept" : "text/html,application/xhtml+xml,application/xml;q=0.9,image/webp,image/apng,*/*;q=0.8",
    "accept-encoding" : "gzip, deflate, br",
    "accept-language" : "zh-CN,zh;q=0.8",
    "cookie" : "JSESSIONID=AC7C416A274CD6F4915D7C9895DD9831; SESSION=308577ad-1e72-4052-a8f1-86b008cfe01f"
  },
  "request_time" : "2017-10-18T10:00:59.29+08:00",
  "response_time" : "2017-10-18T10:00:59.292+08:00",
  "character_encoding" : "UTF-8",
  "content_length" : -1,
  "remote_host" : "0:0:0:0:0:0:0:1",
  "remote_port" : 53334
}
RESPONSE->
 {
  "headers" : {
    "X-Request-Id" : "x-dd074eec-f89b-4446-81b4-2edbfeadc5f1"
  },
  "response_body" : {
    "data" : {
      "orderId" : "6318018633613852675",
      "buyerInstId" : "10000016",
      "buyerId" : "1508292047",
      "sellerInstId" : "6280581163371201539",
      "price" : 0.0100,
      "status" : 0,
      "createdTime" : 1508217854,
      "payTime" : 0
    },
    "code" : 0
  }
}
===2017-10-18 10:00:59.572 INFO  request.trace.logger Line:51  -
				RequestLoggingAspect#
REQUEST->
{
  "request_id" : "x-f5c8ad6e-9c1b-4492-856f-4d8597a4c290",
  "url" : "http://localhost:8080/get/6318018633613852675",
  "method" : "GET",
  "params_map" : { },
  "headers" : {
    "host" : "localhost:8080",
    "connection" : "keep-alive",
    "cache-control" : "max-age=0",
    "upgrade-insecure-requests" : "1",
    "user-agent" : "Mozilla/5.0 (Windows NT 6.1; Win64; x64) AppleWebKit/537.36 (KHTML, like Gecko) Chrome/59.0.3071.115 Safari/537.36",
    "accept" : "text/html,application/xhtml+xml,application/xml;q=0.9,image/webp,image/apng,*/*;q=0.8",
    "accept-encoding" : "gzip, deflate, br",
    "accept-language" : "zh-CN,zh;q=0.8",
    "cookie" : "JSESSIONID=AC7C416A274CD6F4915D7C9895DD9831; SESSION=308577ad-1e72-4052-a8f1-86b008cfe01f"
  },
  "request_time" : "2017-10-18T10:00:59.57+08:00",
  "response_time" : "2017-10-18T10:00:59.572+08:00",
  "character_encoding" : "UTF-8",
  "content_length" : -1,
  "remote_host" : "0:0:0:0:0:0:0:1",
  "remote_port" : 53334
}
RESPONSE->
 {
  "headers" : {
    "X-Request-Id" : "x-f5c8ad6e-9c1b-4492-856f-4d8597a4c290"
  },
  "response_body" : {
    "data" : {
      "orderId" : "6318018633613852675",
      "buyerInstId" : "10000016",
      "buyerId" : "1508292047",
      "sellerInstId" : "6280581163371201539",
      "price" : 0.0100,
      "status" : 0,
      "createdTime" : 1508217854,
      "payTime" : 0
    },
    "code" : 0
  }
}
===2017-10-18 10:00:59.763 INFO  request.trace.logger Line:51  -
				RequestLoggingAspect#
REQUEST->
{
  "request_id" : "x-dc73c0f1-b46b-4375-8861-484a3766326f",
  "url" : "http://localhost:8080/get/6318018633613852675",
  "method" : "GET",
  "params_map" : { },
  "headers" : {
    "host" : "localhost:8080",
    "connection" : "keep-alive",
    "cache-control" : "max-age=0",
    "upgrade-insecure-requests" : "1",
    "user-agent" : "Mozilla/5.0 (Windows NT 6.1; Win64; x64) AppleWebKit/537.36 (KHTML, like Gecko) Chrome/59.0.3071.115 Safari/537.36",
    "accept" : "text/html,application/xhtml+xml,application/xml;q=0.9,image/webp,image/apng,*/*;q=0.8",
    "accept-encoding" : "gzip, deflate, br",
    "accept-language" : "zh-CN,zh;q=0.8",
    "cookie" : "JSESSIONID=AC7C416A274CD6F4915D7C9895DD9831; SESSION=308577ad-1e72-4052-a8f1-86b008cfe01f"
  },
  "request_time" : "2017-10-18T10:00:59.761+08:00",
  "response_time" : "2017-10-18T10:00:59.763+08:00",
  "character_encoding" : "UTF-8",
  "content_length" : -1,
  "remote_host" : "0:0:0:0:0:0:0:1",
  "remote_port" : 53334
}
RESPONSE->
 {
  "headers" : {
    "X-Request-Id" : "x-dc73c0f1-b46b-4375-8861-484a3766326f"
  },
  "response_body" : {
    "data" : {
      "orderId" : "6318018633613852675",
      "buyerInstId" : "10000016",
      "buyerId" : "1508292047",
      "sellerInstId" : "6280581163371201539",
      "price" : 0.0100,
      "status" : 0,
      "createdTime" : 1508217854,
      "payTime" : 0
    },
    "code" : 0
  }
}
===2017-10-18 10:01:55.770 INFO  request.trace.logger Line:51  -
				RequestLoggingAspect#
REQUEST->
{
  "request_id" : "x-b7e28342-db3f-4a61-9dbc-cdbfd7d07b44",
  "url" : "http://localhost:8080/get/6318018633613852675",
  "method" : "GET",
  "params_map" : { },
  "headers" : {
    "host" : "localhost:8080",
    "connection" : "keep-alive",
    "cache-control" : "max-age=0",
    "upgrade-insecure-requests" : "1",
    "user-agent" : "Mozilla/5.0 (Windows NT 6.1; Win64; x64) AppleWebKit/537.36 (KHTML, like Gecko) Chrome/59.0.3071.115 Safari/537.36",
    "accept" : "text/html,application/xhtml+xml,application/xml;q=0.9,image/webp,image/apng,*/*;q=0.8",
    "accept-encoding" : "gzip, deflate, br",
    "accept-language" : "zh-CN,zh;q=0.8",
    "cookie" : "JSESSIONID=AC7C416A274CD6F4915D7C9895DD9831; SESSION=308577ad-1e72-4052-a8f1-86b008cfe01f"
  },
  "request_time" : "2017-10-18T10:01:55.715+08:00",
  "response_time" : "2017-10-18T10:01:55.77+08:00",
  "character_encoding" : "UTF-8",
  "content_length" : -1,
  "remote_host" : "127.0.0.1",
  "remote_port" : 53541
}
RESPONSE->
 {
  "headers" : {
    "X-Request-Id" : "x-b7e28342-db3f-4a61-9dbc-cdbfd7d07b44"
  },
  "response_body" : {
    "data" : {
      "orderId" : "6318018633613852675",
      "buyerInstId" : "10000016",
      "buyerId" : "1508292047",
      "sellerInstId" : "6280581163371201539",
      "price" : 0.0100,
      "status" : 0,
      "createdTime" : 1508217854,
      "payTime" : 0
    },
    "code" : 0
  }
}
===2017-10-18 10:01:57.389 INFO  request.trace.logger Line:51  -
				RequestLoggingAspect#
REQUEST->
{
  "request_id" : "x-3fe6d160-f509-4ab6-9404-91972773c845",
  "url" : "http://localhost:8080/get/6318018633613852675",
  "method" : "GET",
  "params_map" : { },
  "headers" : {
    "host" : "localhost:8080",
    "connection" : "keep-alive",
    "cache-control" : "max-age=0",
    "upgrade-insecure-requests" : "1",
    "user-agent" : "Mozilla/5.0 (Windows NT 6.1; Win64; x64) AppleWebKit/537.36 (KHTML, like Gecko) Chrome/59.0.3071.115 Safari/537.36",
    "accept" : "text/html,application/xhtml+xml,application/xml;q=0.9,image/webp,image/apng,*/*;q=0.8",
    "accept-encoding" : "gzip, deflate, br",
    "accept-language" : "zh-CN,zh;q=0.8",
    "cookie" : "JSESSIONID=AC7C416A274CD6F4915D7C9895DD9831; SESSION=308577ad-1e72-4052-a8f1-86b008cfe01f"
  },
  "request_time" : "2017-10-18T10:01:57.386+08:00",
  "response_time" : "2017-10-18T10:01:57.389+08:00",
  "character_encoding" : "UTF-8",
  "content_length" : -1,
  "remote_host" : "127.0.0.1",
  "remote_port" : 53541
}
RESPONSE->
 {
  "headers" : {
    "X-Request-Id" : "x-3fe6d160-f509-4ab6-9404-91972773c845"
  },
  "response_body" : {
    "data" : {
      "orderId" : "6318018633613852675",
      "buyerInstId" : "10000016",
      "buyerId" : "1508292047",
      "sellerInstId" : "6280581163371201539",
      "price" : 0.0100,
      "status" : 0,
      "createdTime" : 1508217854,
      "payTime" : 0
    },
    "code" : 0
  }
}
===2017-10-18 10:04:23.363 INFO  request.trace.logger Line:51  -
				RequestLoggingAspect#
REQUEST->
{
  "request_id" : "x-48d4aa10-4d49-4167-86ae-749b17c16c98",
  "url" : "http://localhost:8080/get/6318018633613852675",
  "method" : "GET",
  "params_map" : { },
  "headers" : {
    "host" : "localhost:8080",
    "connection" : "keep-alive",
    "cache-control" : "max-age=0",
    "upgrade-insecure-requests" : "1",
    "user-agent" : "Mozilla/5.0 (Windows NT 6.1; Win64; x64) AppleWebKit/537.36 (KHTML, like Gecko) Chrome/59.0.3071.115 Safari/537.36",
    "accept" : "text/html,application/xhtml+xml,application/xml;q=0.9,image/webp,image/apng,*/*;q=0.8",
    "accept-encoding" : "gzip, deflate, br",
    "accept-language" : "zh-CN,zh;q=0.8",
    "cookie" : "JSESSIONID=AC7C416A274CD6F4915D7C9895DD9831; SESSION=308577ad-1e72-4052-a8f1-86b008cfe01f"
  },
  "request_time" : "2017-10-18T10:04:23.36+08:00",
  "response_time" : "2017-10-18T10:04:23.363+08:00",
  "character_encoding" : "UTF-8",
  "content_length" : -1,
  "remote_host" : "0:0:0:0:0:0:0:1",
  "remote_port" : 53900
}
RESPONSE->
 {
  "headers" : {
    "X-Request-Id" : "x-48d4aa10-4d49-4167-86ae-749b17c16c98"
  },
  "response_body" : {
    "data" : {
      "orderId" : "6318018633613852675",
      "buyerInstId" : "10000016",
      "buyerId" : "1508292047",
      "sellerInstId" : "6280581163371201539",
      "price" : 0.0100,
      "status" : 0,
      "createdTime" : 1508217854,
      "payTime" : 0
    },
    "code" : 0
  }
}
===2017-10-18 10:04:23.994 INFO  request.trace.logger Line:51  -
				RequestLoggingAspect#
REQUEST->
{
  "request_id" : "x-d0d117f2-4365-4e92-b701-ebfac3b2dadb",
  "url" : "http://localhost:8080/get/6318018633613852675",
  "method" : "GET",
  "params_map" : { },
  "headers" : {
    "host" : "localhost:8080",
    "connection" : "keep-alive",
    "cache-control" : "max-age=0",
    "upgrade-insecure-requests" : "1",
    "user-agent" : "Mozilla/5.0 (Windows NT 6.1; Win64; x64) AppleWebKit/537.36 (KHTML, like Gecko) Chrome/59.0.3071.115 Safari/537.36",
    "accept" : "text/html,application/xhtml+xml,application/xml;q=0.9,image/webp,image/apng,*/*;q=0.8",
    "accept-encoding" : "gzip, deflate, br",
    "accept-language" : "zh-CN,zh;q=0.8",
    "cookie" : "JSESSIONID=AC7C416A274CD6F4915D7C9895DD9831; SESSION=308577ad-1e72-4052-a8f1-86b008cfe01f"
  },
  "request_time" : "2017-10-18T10:04:23.992+08:00",
  "response_time" : "2017-10-18T10:04:23.994+08:00",
  "character_encoding" : "UTF-8",
  "content_length" : -1,
  "remote_host" : "0:0:0:0:0:0:0:1",
  "remote_port" : 53900
}
RESPONSE->
 {
  "headers" : {
    "X-Request-Id" : "x-d0d117f2-4365-4e92-b701-ebfac3b2dadb"
  },
  "response_body" : {
    "data" : {
      "orderId" : "6318018633613852675",
      "buyerInstId" : "10000016",
      "buyerId" : "1508292047",
      "sellerInstId" : "6280581163371201539",
      "price" : 0.0100,
      "status" : 0,
      "createdTime" : 1508217854,
      "payTime" : 0
    },
    "code" : 0
  }
}
===2017-10-18 10:04:24.397 INFO  request.trace.logger Line:51  -
				RequestLoggingAspect#
REQUEST->
{
  "request_id" : "x-248e5653-4587-45c1-aa2d-cfd7880b220b",
  "url" : "http://localhost:8080/get/6318018633613852675",
  "method" : "GET",
  "params_map" : { },
  "headers" : {
    "host" : "localhost:8080",
    "connection" : "keep-alive",
    "cache-control" : "max-age=0",
    "upgrade-insecure-requests" : "1",
    "user-agent" : "Mozilla/5.0 (Windows NT 6.1; Win64; x64) AppleWebKit/537.36 (KHTML, like Gecko) Chrome/59.0.3071.115 Safari/537.36",
    "accept" : "text/html,application/xhtml+xml,application/xml;q=0.9,image/webp,image/apng,*/*;q=0.8",
    "accept-encoding" : "gzip, deflate, br",
    "accept-language" : "zh-CN,zh;q=0.8",
    "cookie" : "JSESSIONID=AC7C416A274CD6F4915D7C9895DD9831; SESSION=308577ad-1e72-4052-a8f1-86b008cfe01f"
  },
  "request_time" : "2017-10-18T10:04:24.396+08:00",
  "response_time" : "2017-10-18T10:04:24.397+08:00",
  "character_encoding" : "UTF-8",
  "content_length" : -1,
  "remote_host" : "0:0:0:0:0:0:0:1",
  "remote_port" : 53900
}
RESPONSE->
 {
  "headers" : {
    "X-Request-Id" : "x-248e5653-4587-45c1-aa2d-cfd7880b220b"
  },
  "response_body" : {
    "data" : {
      "orderId" : "6318018633613852675",
      "buyerInstId" : "10000016",
      "buyerId" : "1508292047",
      "sellerInstId" : "6280581163371201539",
      "price" : 0.0100,
      "status" : 0,
      "createdTime" : 1508217854,
      "payTime" : 0
    },
    "code" : 0
  }
}
===2017-10-18 10:04:24.587 INFO  request.trace.logger Line:51  -
				RequestLoggingAspect#
REQUEST->
{
  "request_id" : "x-72ae80f4-5584-4c89-9941-b2cf4b953b2a",
  "url" : "http://localhost:8080/get/6318018633613852675",
  "method" : "GET",
  "params_map" : { },
  "headers" : {
    "host" : "localhost:8080",
    "connection" : "keep-alive",
    "cache-control" : "max-age=0",
    "upgrade-insecure-requests" : "1",
    "user-agent" : "Mozilla/5.0 (Windows NT 6.1; Win64; x64) AppleWebKit/537.36 (KHTML, like Gecko) Chrome/59.0.3071.115 Safari/537.36",
    "accept" : "text/html,application/xhtml+xml,application/xml;q=0.9,image/webp,image/apng,*/*;q=0.8",
    "accept-encoding" : "gzip, deflate, br",
    "accept-language" : "zh-CN,zh;q=0.8",
    "cookie" : "JSESSIONID=AC7C416A274CD6F4915D7C9895DD9831; SESSION=308577ad-1e72-4052-a8f1-86b008cfe01f"
  },
  "request_time" : "2017-10-18T10:04:24.586+08:00",
  "response_time" : "2017-10-18T10:04:24.587+08:00",
  "character_encoding" : "UTF-8",
  "content_length" : -1,
  "remote_host" : "0:0:0:0:0:0:0:1",
  "remote_port" : 53900
}
RESPONSE->
 {
  "headers" : {
    "X-Request-Id" : "x-72ae80f4-5584-4c89-9941-b2cf4b953b2a"
  },
  "response_body" : {
    "data" : {
      "orderId" : "6318018633613852675",
      "buyerInstId" : "10000016",
      "buyerId" : "1508292047",
      "sellerInstId" : "6280581163371201539",
      "price" : 0.0100,
      "status" : 0,
      "createdTime" : 1508217854,
      "payTime" : 0
    },
    "code" : 0
  }
}
===2017-10-18 10:04:24.795 INFO  request.trace.logger Line:51  -
				RequestLoggingAspect#
REQUEST->
{
  "request_id" : "x-b86a792e-3279-4fb0-a25e-42ff6773b766",
  "url" : "http://localhost:8080/get/6318018633613852675",
  "method" : "GET",
  "params_map" : { },
  "headers" : {
    "host" : "localhost:8080",
    "connection" : "keep-alive",
    "cache-control" : "max-age=0",
    "upgrade-insecure-requests" : "1",
    "user-agent" : "Mozilla/5.0 (Windows NT 6.1; Win64; x64) AppleWebKit/537.36 (KHTML, like Gecko) Chrome/59.0.3071.115 Safari/537.36",
    "accept" : "text/html,application/xhtml+xml,application/xml;q=0.9,image/webp,image/apng,*/*;q=0.8",
    "accept-encoding" : "gzip, deflate, br",
    "accept-language" : "zh-CN,zh;q=0.8",
    "cookie" : "JSESSIONID=AC7C416A274CD6F4915D7C9895DD9831; SESSION=308577ad-1e72-4052-a8f1-86b008cfe01f"
  },
  "request_time" : "2017-10-18T10:04:24.793+08:00",
  "response_time" : "2017-10-18T10:04:24.795+08:00",
  "character_encoding" : "UTF-8",
  "content_length" : -1,
  "remote_host" : "0:0:0:0:0:0:0:1",
  "remote_port" : 53900
}
RESPONSE->
 {
  "headers" : {
    "X-Request-Id" : "x-b86a792e-3279-4fb0-a25e-42ff6773b766"
  },
  "response_body" : {
    "data" : {
      "orderId" : "6318018633613852675",
      "buyerInstId" : "10000016",
      "buyerId" : "1508292047",
      "sellerInstId" : "6280581163371201539",
      "price" : 0.0100,
      "status" : 0,
      "createdTime" : 1508217854,
      "payTime" : 0
    },
    "code" : 0
  }
}
===2017-10-18 10:04:44.828 INFO  request.trace.logger Line:51  -
				RequestLoggingAspect#
REQUEST->
{
  "request_id" : "x-efb10ece-2d36-4cd1-a617-2f0fd5079080",
  "url" : "http://localhost:8080/get/6318018633613852675",
  "method" : "GET",
  "params_map" : { },
  "headers" : {
    "host" : "localhost:8080",
    "connection" : "keep-alive",
    "cache-control" : "max-age=0",
    "upgrade-insecure-requests" : "1",
    "user-agent" : "Mozilla/5.0 (Windows NT 6.1; Win64; x64) AppleWebKit/537.36 (KHTML, like Gecko) Chrome/59.0.3071.115 Safari/537.36",
    "accept" : "text/html,application/xhtml+xml,application/xml;q=0.9,image/webp,image/apng,*/*;q=0.8",
    "accept-encoding" : "gzip, deflate, br",
    "accept-language" : "zh-CN,zh;q=0.8",
    "cookie" : "JSESSIONID=AC7C416A274CD6F4915D7C9895DD9831; SESSION=308577ad-1e72-4052-a8f1-86b008cfe01f"
  },
  "request_time" : "2017-10-18T10:04:44.825+08:00",
  "response_time" : "2017-10-18T10:04:44.828+08:00",
  "character_encoding" : "UTF-8",
  "content_length" : -1,
  "remote_host" : "0:0:0:0:0:0:0:1",
  "remote_port" : 53900
}
RESPONSE->
 {
  "headers" : {
    "X-Request-Id" : "x-efb10ece-2d36-4cd1-a617-2f0fd5079080"
  },
  "response_body" : {
    "data" : {
      "orderId" : "6318018633613852675",
      "buyerInstId" : "10000016",
      "buyerId" : "1508292282",
      "sellerInstId" : "6280581163371201539",
      "price" : 0.0100,
      "status" : 0,
      "createdTime" : 1508217854,
      "payTime" : 0
    },
    "code" : 0
  }
}
===2017-10-18 15:10:18.724 INFO  request.trace.logger Line:51  -
				RequestLoggingAspect#
REQUEST->
{
  "request_id" : "x-07e44112-2a18-4a32-aa4a-bce26fe7e4c6",
  "url" : "http://localhost:8080/get/6318018633613852675",
  "method" : "GET",
  "params_map" : { },
  "headers" : {
    "host" : "localhost:8080",
    "connection" : "keep-alive",
    "cache-control" : "max-age=0",
    "upgrade-insecure-requests" : "1",
    "user-agent" : "Mozilla/5.0 (Windows NT 6.1; Win64; x64) AppleWebKit/537.36 (KHTML, like Gecko) Chrome/59.0.3071.115 Safari/537.36",
    "accept" : "text/html,application/xhtml+xml,application/xml;q=0.9,image/webp,image/apng,*/*;q=0.8",
    "accept-encoding" : "gzip, deflate, br",
    "accept-language" : "zh-CN,zh;q=0.8",
    "cookie" : "JSESSIONID=AC7C416A274CD6F4915D7C9895DD9831; SESSION=308577ad-1e72-4052-a8f1-86b008cfe01f"
  },
  "request_time" : "2017-10-18T15:10:09.105+08:00",
  "response_time" : "2017-10-18T15:10:18.724+08:00",
  "character_encoding" : "UTF-8",
  "content_length" : -1,
  "remote_host" : "0:0:0:0:0:0:0:1",
  "remote_port" : 63257
}
RESPONSE->
 {
  "headers" : {
    "X-Request-Id" : "x-07e44112-2a18-4a32-aa4a-bce26fe7e4c6"
  },
  "response_body" : {
    "data" : {
      "orderId" : "6318018633613852675",
      "buyerInstId" : "10000016",
      "buyerId" : "1508292282",
      "sellerInstId" : "6280581163371201539",
      "price" : 0.0100,
      "status" : 0,
      "createdTime" : 1508217854,
      "payTime" : 0
    },
    "code" : 0
  }
}
===2017-10-18 17:19:34.906 INFO  request.trace.logger Line:51  -
				RequestLoggingAspect#
REQUEST->
{
  "request_id" : "x-de7c5aa7-aff4-4fe1-a1f5-28239456b9d4",
  "url" : "http://localhost:8080/get/6318018633613852675",
  "method" : "GET",
  "params_map" : { },
  "headers" : {
    "host" : "localhost:8080",
    "connection" : "keep-alive",
    "cache-control" : "max-age=0",
    "upgrade-insecure-requests" : "1",
    "user-agent" : "Mozilla/5.0 (Windows NT 6.1; Win64; x64) AppleWebKit/537.36 (KHTML, like Gecko) Chrome/59.0.3071.115 Safari/537.36",
    "accept" : "text/html,application/xhtml+xml,application/xml;q=0.9,image/webp,image/apng,*/*;q=0.8",
    "accept-encoding" : "gzip, deflate, br",
    "accept-language" : "zh-CN,zh;q=0.8",
    "cookie" : "JSESSIONID=AC7C416A274CD6F4915D7C9895DD9831; SESSION=308577ad-1e72-4052-a8f1-86b008cfe01f"
  },
  "request_time" : "2017-10-18T17:19:00.802+08:00",
  "response_time" : "2017-10-18T17:19:34.905+08:00",
  "character_encoding" : "UTF-8",
  "content_length" : -1,
  "remote_host" : "0:0:0:0:0:0:0:1",
  "remote_port" : 63120
}
RESPONSE->
 {
  "headers" : {
    "X-Request-Id" : "x-de7c5aa7-aff4-4fe1-a1f5-28239456b9d4"
  },
  "response_body" : {
    "data" : {
      "orderId" : "6318018633613852675",
      "buyerInstId" : "10000016",
      "buyerId" : "1508292282",
      "sellerInstId" : "6280581163371201539",
      "price" : 0.0100,
      "status" : 0,
      "createdTime" : 1508217854,
      "payTime" : 0
    },
    "code" : 0
  }
}
===2017-10-18 17:21:01.210 INFO  request.trace.logger Line:51  -
				RequestLoggingAspect#
REQUEST->
{
  "request_id" : "x-5d8e1a37-46fd-487c-95e2-b68e5b38d2c0",
  "url" : "http://localhost:8080/get/6318018633613852675",
  "method" : "GET",
  "params_map" : { },
  "headers" : {
    "host" : "localhost:8080",
    "connection" : "keep-alive",
    "cache-control" : "max-age=0",
    "upgrade-insecure-requests" : "1",
    "user-agent" : "Mozilla/5.0 (Windows NT 6.1; Win64; x64) AppleWebKit/537.36 (KHTML, like Gecko) Chrome/59.0.3071.115 Safari/537.36",
    "accept" : "text/html,application/xhtml+xml,application/xml;q=0.9,image/webp,image/apng,*/*;q=0.8",
    "accept-encoding" : "gzip, deflate, br",
    "accept-language" : "zh-CN,zh;q=0.8",
    "cookie" : "JSESSIONID=AC7C416A274CD6F4915D7C9895DD9831; SESSION=308577ad-1e72-4052-a8f1-86b008cfe01f"
  },
  "request_time" : "2017-10-18T17:19:58.917+08:00",
  "response_time" : "2017-10-18T17:21:01.21+08:00",
  "character_encoding" : "UTF-8",
  "content_length" : -1,
  "remote_host" : "0:0:0:0:0:0:0:1",
  "remote_port" : 63120
}
RESPONSE->
 {
  "headers" : {
    "X-Request-Id" : "x-5d8e1a37-46fd-487c-95e2-b68e5b38d2c0"
  },
  "response_body" : {
    "data" : {
      "orderId" : "6318018633613852675",
      "buyerInstId" : "10000016",
      "buyerId" : "1508292282",
      "sellerInstId" : "6280581163371201539",
      "price" : 0.0100,
      "status" : 0,
      "createdTime" : 1508217854,
      "payTime" : 0
    },
    "code" : 0
  }
}
===2017-10-18 17:22:40.122 INFO  request.trace.logger Line:51  -
				RequestLoggingAspect#
REQUEST->
{
  "request_id" : "x-67ca5056-ca92-435a-8f26-b923a4f2ffc3",
  "url" : "http://localhost:8080/get/6318018633613852675",
  "method" : "GET",
  "params_map" : { },
  "headers" : {
    "host" : "localhost:8080",
    "connection" : "keep-alive",
    "cache-control" : "max-age=0",
    "upgrade-insecure-requests" : "1",
    "user-agent" : "Mozilla/5.0 (Windows NT 6.1; Win64; x64) AppleWebKit/537.36 (KHTML, like Gecko) Chrome/59.0.3071.115 Safari/537.36",
    "accept" : "text/html,application/xhtml+xml,application/xml;q=0.9,image/webp,image/apng,*/*;q=0.8",
    "accept-encoding" : "gzip, deflate, br",
    "accept-language" : "zh-CN,zh;q=0.8",
    "cookie" : "JSESSIONID=AC7C416A274CD6F4915D7C9895DD9831; SESSION=308577ad-1e72-4052-a8f1-86b008cfe01f"
  },
  "request_time" : "2017-10-18T17:21:02.946+08:00",
  "response_time" : "2017-10-18T17:22:40.122+08:00",
  "character_encoding" : "UTF-8",
  "content_length" : -1,
  "remote_host" : "0:0:0:0:0:0:0:1",
  "remote_port" : 63120
}
RESPONSE->
 {
  "headers" : {
    "X-Request-Id" : "x-67ca5056-ca92-435a-8f26-b923a4f2ffc3"
  },
  "response_body" : {
    "data" : {
      "orderId" : "6318018633613852675",
      "buyerInstId" : "10000016",
      "buyerId" : "1508292282",
      "sellerInstId" : "6280581163371201539",
      "price" : 0.0100,
      "status" : 0,
      "createdTime" : 1508217854,
      "payTime" : 0
    },
    "code" : 0
  }
}
===2017-10-18 17:24:03.577 INFO  request.trace.logger Line:51  -
				RequestLoggingAspect#
REQUEST->
{
  "request_id" : "x-0ac2c197-b561-4103-b9e4-445a6e14c8c7",
  "url" : "http://localhost:8080/get/6318018633613852675",
  "method" : "GET",
  "params_map" : { },
  "headers" : {
    "host" : "localhost:8080",
    "connection" : "keep-alive",
    "cache-control" : "max-age=0",
    "upgrade-insecure-requests" : "1",
    "user-agent" : "Mozilla/5.0 (Windows NT 6.1; Win64; x64) AppleWebKit/537.36 (KHTML, like Gecko) Chrome/59.0.3071.115 Safari/537.36",
    "accept" : "text/html,application/xhtml+xml,application/xml;q=0.9,image/webp,image/apng,*/*;q=0.8",
    "accept-encoding" : "gzip, deflate, br",
    "accept-language" : "zh-CN,zh;q=0.8",
    "cookie" : "JSESSIONID=AC7C416A274CD6F4915D7C9895DD9831; SESSION=308577ad-1e72-4052-a8f1-86b008cfe01f"
  },
  "request_time" : "2017-10-18T17:23:56.741+08:00",
  "response_time" : "2017-10-18T17:24:03.577+08:00",
  "character_encoding" : "UTF-8",
  "content_length" : -1,
  "remote_host" : "0:0:0:0:0:0:0:1",
  "remote_port" : 63986
}
RESPONSE->
 {
  "headers" : {
    "X-Request-Id" : "x-0ac2c197-b561-4103-b9e4-445a6e14c8c7"
  },
  "response_body" : {
    "code" : 0
  }
}
===2017-10-18 17:24:06.641 INFO  request.trace.logger Line:51  -
				RequestLoggingAspect#
REQUEST->
{
  "request_id" : "x-8b493081-36f9-484d-af9b-c47e431fb901",
  "url" : "http://localhost:8080/get/6318018633613852675",
  "method" : "GET",
  "params_map" : { },
  "headers" : {
    "host" : "localhost:8080",
    "connection" : "keep-alive",
    "cache-control" : "max-age=0",
    "upgrade-insecure-requests" : "1",
    "user-agent" : "Mozilla/5.0 (Windows NT 6.1; Win64; x64) AppleWebKit/537.36 (KHTML, like Gecko) Chrome/59.0.3071.115 Safari/537.36",
    "accept" : "text/html,application/xhtml+xml,application/xml;q=0.9,image/webp,image/apng,*/*;q=0.8",
    "accept-encoding" : "gzip, deflate, br",
    "accept-language" : "zh-CN,zh;q=0.8",
    "cookie" : "JSESSIONID=AC7C416A274CD6F4915D7C9895DD9831; SESSION=308577ad-1e72-4052-a8f1-86b008cfe01f"
  },
  "request_time" : "2017-10-18T17:24:06.597+08:00",
  "response_time" : "2017-10-18T17:24:06.641+08:00",
  "character_encoding" : "UTF-8",
  "content_length" : -1,
  "remote_host" : "0:0:0:0:0:0:0:1",
  "remote_port" : 63986
}
RESPONSE->
 {
  "headers" : {
    "X-Request-Id" : "x-8b493081-36f9-484d-af9b-c47e431fb901"
  },
  "response_body" : {
    "code" : 0
  }
}
===2017-10-18 17:24:07.293 INFO  request.trace.logger Line:51  -
				RequestLoggingAspect#
REQUEST->
{
  "request_id" : "x-1ad19085-c9f2-442c-8284-6b105f29fdd9",
  "url" : "http://localhost:8080/get/6318018633613852675",
  "method" : "GET",
  "params_map" : { },
  "headers" : {
    "host" : "localhost:8080",
    "connection" : "keep-alive",
    "cache-control" : "max-age=0",
    "upgrade-insecure-requests" : "1",
    "user-agent" : "Mozilla/5.0 (Windows NT 6.1; Win64; x64) AppleWebKit/537.36 (KHTML, like Gecko) Chrome/59.0.3071.115 Safari/537.36",
    "accept" : "text/html,application/xhtml+xml,application/xml;q=0.9,image/webp,image/apng,*/*;q=0.8",
    "accept-encoding" : "gzip, deflate, br",
    "accept-language" : "zh-CN,zh;q=0.8",
    "cookie" : "JSESSIONID=AC7C416A274CD6F4915D7C9895DD9831; SESSION=308577ad-1e72-4052-a8f1-86b008cfe01f"
  },
  "request_time" : "2017-10-18T17:24:07.243+08:00",
  "response_time" : "2017-10-18T17:24:07.293+08:00",
  "character_encoding" : "UTF-8",
  "content_length" : -1,
  "remote_host" : "0:0:0:0:0:0:0:1",
  "remote_port" : 63986
}
RESPONSE->
 {
  "headers" : {
    "X-Request-Id" : "x-1ad19085-c9f2-442c-8284-6b105f29fdd9"
  },
  "response_body" : {
    "code" : 0
  }
}
===2017-10-18 17:24:07.831 INFO  request.trace.logger Line:51  -
				RequestLoggingAspect#
REQUEST->
{
  "request_id" : "x-0210bff1-2515-4d39-8de5-f8964c3b6b6d",
  "url" : "http://localhost:8080/get/6318018633613852675",
  "method" : "GET",
  "params_map" : { },
  "headers" : {
    "host" : "localhost:8080",
    "connection" : "keep-alive",
    "cache-control" : "max-age=0",
    "upgrade-insecure-requests" : "1",
    "user-agent" : "Mozilla/5.0 (Windows NT 6.1; Win64; x64) AppleWebKit/537.36 (KHTML, like Gecko) Chrome/59.0.3071.115 Safari/537.36",
    "accept" : "text/html,application/xhtml+xml,application/xml;q=0.9,image/webp,image/apng,*/*;q=0.8",
    "accept-encoding" : "gzip, deflate, br",
    "accept-language" : "zh-CN,zh;q=0.8",
    "cookie" : "JSESSIONID=AC7C416A274CD6F4915D7C9895DD9831; SESSION=308577ad-1e72-4052-a8f1-86b008cfe01f"
  },
  "request_time" : "2017-10-18T17:24:07.787+08:00",
  "response_time" : "2017-10-18T17:24:07.831+08:00",
  "character_encoding" : "UTF-8",
  "content_length" : -1,
  "remote_host" : "0:0:0:0:0:0:0:1",
  "remote_port" : 63986
}
RESPONSE->
 {
  "headers" : {
    "X-Request-Id" : "x-0210bff1-2515-4d39-8de5-f8964c3b6b6d"
  },
  "response_body" : {
    "code" : 0
  }
}
===2017-10-18 17:24:08.279 INFO  request.trace.logger Line:51  -
				RequestLoggingAspect#
REQUEST->
{
  "request_id" : "x-d67ea738-fad2-42e4-a388-1aa741c33320",
  "url" : "http://localhost:8080/get/6318018633613852675",
  "method" : "GET",
  "params_map" : { },
  "headers" : {
    "host" : "localhost:8080",
    "connection" : "keep-alive",
    "cache-control" : "max-age=0",
    "upgrade-insecure-requests" : "1",
    "user-agent" : "Mozilla/5.0 (Windows NT 6.1; Win64; x64) AppleWebKit/537.36 (KHTML, like Gecko) Chrome/59.0.3071.115 Safari/537.36",
    "accept" : "text/html,application/xhtml+xml,application/xml;q=0.9,image/webp,image/apng,*/*;q=0.8",
    "accept-encoding" : "gzip, deflate, br",
    "accept-language" : "zh-CN,zh;q=0.8",
    "cookie" : "JSESSIONID=AC7C416A274CD6F4915D7C9895DD9831; SESSION=308577ad-1e72-4052-a8f1-86b008cfe01f"
  },
  "request_time" : "2017-10-18T17:24:08.235+08:00",
  "response_time" : "2017-10-18T17:24:08.279+08:00",
  "character_encoding" : "UTF-8",
  "content_length" : -1,
  "remote_host" : "0:0:0:0:0:0:0:1",
  "remote_port" : 63986
}
RESPONSE->
 {
  "headers" : {
    "X-Request-Id" : "x-d67ea738-fad2-42e4-a388-1aa741c33320"
  },
  "response_body" : {
    "code" : 0
  }
}
===2017-10-18 17:25:30.858 INFO  request.trace.logger Line:51  -
				RequestLoggingAspect#
REQUEST->
{
  "request_id" : "x-1dfb2ce2-2fb7-4739-985d-1f34114036bc",
  "url" : "http://localhost:8080/get/6318018633613852675",
  "method" : "GET",
  "params_map" : { },
  "headers" : {
    "host" : "localhost:8080",
    "connection" : "keep-alive",
    "cache-control" : "max-age=0",
    "upgrade-insecure-requests" : "1",
    "user-agent" : "Mozilla/5.0 (Windows NT 6.1; Win64; x64) AppleWebKit/537.36 (KHTML, like Gecko) Chrome/59.0.3071.115 Safari/537.36",
    "accept" : "text/html,application/xhtml+xml,application/xml;q=0.9,image/webp,image/apng,*/*;q=0.8",
    "accept-encoding" : "gzip, deflate, br",
    "accept-language" : "zh-CN,zh;q=0.8",
    "cookie" : "JSESSIONID=AC7C416A274CD6F4915D7C9895DD9831; SESSION=308577ad-1e72-4052-a8f1-86b008cfe01f"
  },
  "request_time" : "2017-10-18T17:24:47.692+08:00",
  "response_time" : "2017-10-18T17:25:30.858+08:00",
  "character_encoding" : "UTF-8",
  "content_length" : -1,
  "remote_host" : "0:0:0:0:0:0:0:1",
  "remote_port" : 63986
}
RESPONSE->
 {
  "headers" : {
    "X-Request-Id" : "x-1dfb2ce2-2fb7-4739-985d-1f34114036bc"
  },
  "response_body" : {
    "code" : 0
  }
}
===2017-10-18 17:25:40.861 INFO  request.trace.logger Line:51  -
				RequestLoggingAspect#
REQUEST->
{
  "request_id" : "x-62a90758-69b2-487b-a76f-9effc429415b",
  "url" : "http://localhost:8080/get/6318018633613852675",
  "method" : "GET",
  "params_map" : { },
  "headers" : {
    "host" : "localhost:8080",
    "connection" : "keep-alive",
    "cache-control" : "max-age=0",
    "upgrade-insecure-requests" : "1",
    "user-agent" : "Mozilla/5.0 (Windows NT 6.1; Win64; x64) AppleWebKit/537.36 (KHTML, like Gecko) Chrome/59.0.3071.115 Safari/537.36",
    "accept" : "text/html,application/xhtml+xml,application/xml;q=0.9,image/webp,image/apng,*/*;q=0.8",
    "accept-encoding" : "gzip, deflate, br",
    "accept-language" : "zh-CN,zh;q=0.8",
    "cookie" : "JSESSIONID=AC7C416A274CD6F4915D7C9895DD9831; SESSION=308577ad-1e72-4052-a8f1-86b008cfe01f"
  },
  "request_time" : "2017-10-18T17:25:37.55+08:00",
  "response_time" : "2017-10-18T17:25:40.861+08:00",
  "character_encoding" : "UTF-8",
  "content_length" : -1,
  "remote_host" : "0:0:0:0:0:0:0:1",
  "remote_port" : 63986
}
RESPONSE->
 {
  "headers" : {
    "X-Request-Id" : "x-62a90758-69b2-487b-a76f-9effc429415b"
  },
  "response_body" : {
    "code" : 0
  }
}
===2017-10-18 17:25:48.352 INFO  request.trace.logger Line:51  -
				RequestLoggingAspect#
REQUEST->
{
  "request_id" : "x-dd30402d-6a40-447b-b691-43f836461b17",
  "url" : "http://localhost:8080/get/6318018633613852675",
  "method" : "GET",
  "params_map" : { },
  "headers" : {
    "host" : "localhost:8080",
    "connection" : "keep-alive",
    "cache-control" : "max-age=0",
    "upgrade-insecure-requests" : "1",
    "user-agent" : "Mozilla/5.0 (Windows NT 6.1; Win64; x64) AppleWebKit/537.36 (KHTML, like Gecko) Chrome/59.0.3071.115 Safari/537.36",
    "accept" : "text/html,application/xhtml+xml,application/xml;q=0.9,image/webp,image/apng,*/*;q=0.8",
    "accept-encoding" : "gzip, deflate, br",
    "accept-language" : "zh-CN,zh;q=0.8",
    "cookie" : "JSESSIONID=AC7C416A274CD6F4915D7C9895DD9831; SESSION=308577ad-1e72-4052-a8f1-86b008cfe01f"
  },
  "request_time" : "2017-10-18T17:25:48.318+08:00",
  "response_time" : "2017-10-18T17:25:48.352+08:00",
  "character_encoding" : "UTF-8",
  "content_length" : -1,
  "remote_host" : "0:0:0:0:0:0:0:1",
  "remote_port" : 63986
}
RESPONSE->
 {
  "headers" : {
    "X-Request-Id" : "x-dd30402d-6a40-447b-b691-43f836461b17"
  },
  "response_body" : {
    "code" : 0
  }
}
===2017-10-18 17:25:48.850 INFO  request.trace.logger Line:51  -
				RequestLoggingAspect#
REQUEST->
{
  "request_id" : "x-9e7314e4-668f-41e8-8331-c3f6449e3794",
  "url" : "http://localhost:8080/get/6318018633613852675",
  "method" : "GET",
  "params_map" : { },
  "headers" : {
    "host" : "localhost:8080",
    "connection" : "keep-alive",
    "cache-control" : "max-age=0",
    "upgrade-insecure-requests" : "1",
    "user-agent" : "Mozilla/5.0 (Windows NT 6.1; Win64; x64) AppleWebKit/537.36 (KHTML, like Gecko) Chrome/59.0.3071.115 Safari/537.36",
    "accept" : "text/html,application/xhtml+xml,application/xml;q=0.9,image/webp,image/apng,*/*;q=0.8",
    "accept-encoding" : "gzip, deflate, br",
    "accept-language" : "zh-CN,zh;q=0.8",
    "cookie" : "JSESSIONID=AC7C416A274CD6F4915D7C9895DD9831; SESSION=308577ad-1e72-4052-a8f1-86b008cfe01f"
  },
  "request_time" : "2017-10-18T17:25:48.817+08:00",
  "response_time" : "2017-10-18T17:25:48.85+08:00",
  "character_encoding" : "UTF-8",
  "content_length" : -1,
  "remote_host" : "0:0:0:0:0:0:0:1",
  "remote_port" : 63986
}
RESPONSE->
 {
  "headers" : {
    "X-Request-Id" : "x-9e7314e4-668f-41e8-8331-c3f6449e3794"
  },
  "response_body" : {
    "code" : 0
  }
}
===2017-10-18 17:25:49.401 INFO  request.trace.logger Line:51  -
				RequestLoggingAspect#
REQUEST->
{
  "request_id" : "x-813fdb21-0cd3-492f-98b9-6e22d5591e04",
  "url" : "http://localhost:8080/get/6318018633613852675",
  "method" : "GET",
  "params_map" : { },
  "headers" : {
    "host" : "localhost:8080",
    "connection" : "keep-alive",
    "cache-control" : "max-age=0",
    "upgrade-insecure-requests" : "1",
    "user-agent" : "Mozilla/5.0 (Windows NT 6.1; Win64; x64) AppleWebKit/537.36 (KHTML, like Gecko) Chrome/59.0.3071.115 Safari/537.36",
    "accept" : "text/html,application/xhtml+xml,application/xml;q=0.9,image/webp,image/apng,*/*;q=0.8",
    "accept-encoding" : "gzip, deflate, br",
    "accept-language" : "zh-CN,zh;q=0.8",
    "cookie" : "JSESSIONID=AC7C416A274CD6F4915D7C9895DD9831; SESSION=308577ad-1e72-4052-a8f1-86b008cfe01f"
  },
  "request_time" : "2017-10-18T17:25:49.366+08:00",
  "response_time" : "2017-10-18T17:25:49.401+08:00",
  "character_encoding" : "UTF-8",
  "content_length" : -1,
  "remote_host" : "0:0:0:0:0:0:0:1",
  "remote_port" : 63986
}
RESPONSE->
 {
  "headers" : {
    "X-Request-Id" : "x-813fdb21-0cd3-492f-98b9-6e22d5591e04"
  },
  "response_body" : {
    "code" : 0
  }
}
===2017-10-18 17:25:49.611 INFO  request.trace.logger Line:51  -
				RequestLoggingAspect#
REQUEST->
{
  "request_id" : "x-9ec5765a-8252-4362-85cd-2fc5dd26eb07",
  "url" : "http://localhost:8080/get/6318018633613852675",
  "method" : "GET",
  "params_map" : { },
  "headers" : {
    "host" : "localhost:8080",
    "connection" : "keep-alive",
    "cache-control" : "max-age=0",
    "upgrade-insecure-requests" : "1",
    "user-agent" : "Mozilla/5.0 (Windows NT 6.1; Win64; x64) AppleWebKit/537.36 (KHTML, like Gecko) Chrome/59.0.3071.115 Safari/537.36",
    "accept" : "text/html,application/xhtml+xml,application/xml;q=0.9,image/webp,image/apng,*/*;q=0.8",
    "accept-encoding" : "gzip, deflate, br",
    "accept-language" : "zh-CN,zh;q=0.8",
    "cookie" : "JSESSIONID=AC7C416A274CD6F4915D7C9895DD9831; SESSION=308577ad-1e72-4052-a8f1-86b008cfe01f"
  },
  "request_time" : "2017-10-18T17:25:49.578+08:00",
  "response_time" : "2017-10-18T17:25:49.611+08:00",
  "character_encoding" : "UTF-8",
  "content_length" : -1,
  "remote_host" : "0:0:0:0:0:0:0:1",
  "remote_port" : 63986
}
RESPONSE->
 {
  "headers" : {
    "X-Request-Id" : "x-9ec5765a-8252-4362-85cd-2fc5dd26eb07"
  },
  "response_body" : {
    "code" : 0
  }
}
===2017-10-18 17:30:14.973 INFO  request.trace.logger Line:51  -
				RequestLoggingAspect#
REQUEST->
{
  "request_id" : "x-cb8cb81c-8b59-4a80-a8a6-2f2a07eb0693",
  "url" : "http://localhost:8080/get/6318018633613852675",
  "method" : "GET",
  "params_map" : { },
  "headers" : {
    "host" : "localhost:8080",
    "connection" : "keep-alive",
    "cache-control" : "max-age=0",
    "upgrade-insecure-requests" : "1",
    "user-agent" : "Mozilla/5.0 (Windows NT 6.1; Win64; x64) AppleWebKit/537.36 (KHTML, like Gecko) Chrome/59.0.3071.115 Safari/537.36",
    "accept" : "text/html,application/xhtml+xml,application/xml;q=0.9,image/webp,image/apng,*/*;q=0.8",
    "accept-encoding" : "gzip, deflate, br",
    "accept-language" : "zh-CN,zh;q=0.8",
    "cookie" : "JSESSIONID=AC7C416A274CD6F4915D7C9895DD9831; SESSION=308577ad-1e72-4052-a8f1-86b008cfe01f"
  },
  "request_time" : "2017-10-18T17:30:14.863+08:00",
  "response_time" : "2017-10-18T17:30:14.973+08:00",
  "character_encoding" : "UTF-8",
  "content_length" : -1,
  "remote_host" : "0:0:0:0:0:0:0:1",
  "remote_port" : 64923
}
RESPONSE->
 {
  "headers" : {
    "X-Request-Id" : "x-cb8cb81c-8b59-4a80-a8a6-2f2a07eb0693"
  },
  "response_body" : {
    "code" : 0
  }
}
===2017-10-18 17:30:16.709 INFO  request.trace.logger Line:51  -
				RequestLoggingAspect#
REQUEST->
{
  "request_id" : "x-5ce7d240-7f0e-4ec0-b283-d42432f43fc5",
  "url" : "http://localhost:8080/get/6318018633613852675",
  "method" : "GET",
  "params_map" : { },
  "headers" : {
    "host" : "localhost:8080",
    "connection" : "keep-alive",
    "cache-control" : "max-age=0",
    "upgrade-insecure-requests" : "1",
    "user-agent" : "Mozilla/5.0 (Windows NT 6.1; Win64; x64) AppleWebKit/537.36 (KHTML, like Gecko) Chrome/59.0.3071.115 Safari/537.36",
    "accept" : "text/html,application/xhtml+xml,application/xml;q=0.9,image/webp,image/apng,*/*;q=0.8",
    "accept-encoding" : "gzip, deflate, br",
    "accept-language" : "zh-CN,zh;q=0.8",
    "cookie" : "JSESSIONID=AC7C416A274CD6F4915D7C9895DD9831; SESSION=308577ad-1e72-4052-a8f1-86b008cfe01f"
  },
  "request_time" : "2017-10-18T17:30:16.674+08:00",
  "response_time" : "2017-10-18T17:30:16.709+08:00",
  "character_encoding" : "UTF-8",
  "content_length" : -1,
  "remote_host" : "0:0:0:0:0:0:0:1",
  "remote_port" : 64923
}
RESPONSE->
 {
  "headers" : {
    "X-Request-Id" : "x-5ce7d240-7f0e-4ec0-b283-d42432f43fc5"
  },
  "response_body" : {
    "code" : 0
  }
}
===2017-10-18 17:30:21.039 INFO  request.trace.logger Line:51  -
				RequestLoggingAspect#
REQUEST->
{
  "request_id" : "x-2fce3d1d-94c6-4b24-a853-9c46bce29a79",
  "url" : "http://localhost:8080/get/6318018633613852675",
  "method" : "GET",
  "params_map" : { },
  "headers" : {
    "host" : "localhost:8080",
    "connection" : "keep-alive",
    "cache-control" : "max-age=0",
    "upgrade-insecure-requests" : "1",
    "user-agent" : "Mozilla/5.0 (Windows NT 6.1; Win64; x64) AppleWebKit/537.36 (KHTML, like Gecko) Chrome/59.0.3071.115 Safari/537.36",
    "accept" : "text/html,application/xhtml+xml,application/xml;q=0.9,image/webp,image/apng,*/*;q=0.8",
    "accept-encoding" : "gzip, deflate, br",
    "accept-language" : "zh-CN,zh;q=0.8",
    "cookie" : "JSESSIONID=AC7C416A274CD6F4915D7C9895DD9831; SESSION=308577ad-1e72-4052-a8f1-86b008cfe01f"
  },
  "request_time" : "2017-10-18T17:30:21.002+08:00",
  "response_time" : "2017-10-18T17:30:21.039+08:00",
  "character_encoding" : "UTF-8",
  "content_length" : -1,
  "remote_host" : "0:0:0:0:0:0:0:1",
  "remote_port" : 64923
}
RESPONSE->
 {
  "headers" : {
    "X-Request-Id" : "x-2fce3d1d-94c6-4b24-a853-9c46bce29a79"
  },
  "response_body" : {
    "code" : 0
  }
}
===2017-10-18 17:30:22.042 INFO  request.trace.logger Line:51  -
				RequestLoggingAspect#
REQUEST->
{
  "request_id" : "x-2afd7fb5-5185-4404-9ae5-a72e4cb21ad2",
  "url" : "http://localhost:8080/get/6318018633613852675",
  "method" : "GET",
  "params_map" : { },
  "headers" : {
    "host" : "localhost:8080",
    "connection" : "keep-alive",
    "cache-control" : "max-age=0",
    "upgrade-insecure-requests" : "1",
    "user-agent" : "Mozilla/5.0 (Windows NT 6.1; Win64; x64) AppleWebKit/537.36 (KHTML, like Gecko) Chrome/59.0.3071.115 Safari/537.36",
    "accept" : "text/html,application/xhtml+xml,application/xml;q=0.9,image/webp,image/apng,*/*;q=0.8",
    "accept-encoding" : "gzip, deflate, br",
    "accept-language" : "zh-CN,zh;q=0.8",
    "cookie" : "JSESSIONID=AC7C416A274CD6F4915D7C9895DD9831; SESSION=308577ad-1e72-4052-a8f1-86b008cfe01f"
  },
  "request_time" : "2017-10-18T17:30:22.001+08:00",
  "response_time" : "2017-10-18T17:30:22.042+08:00",
  "character_encoding" : "UTF-8",
  "content_length" : -1,
  "remote_host" : "0:0:0:0:0:0:0:1",
  "remote_port" : 64923
}
RESPONSE->
 {
  "headers" : {
    "X-Request-Id" : "x-2afd7fb5-5185-4404-9ae5-a72e4cb21ad2"
  },
  "response_body" : {
    "code" : 0
  }
}
===2017-10-18 17:31:22.765 INFO  request.trace.logger Line:51  -
				RequestLoggingAspect#
REQUEST->
{
  "request_id" : "x-6fb68ebb-6796-4833-8e3e-a44387898733",
  "url" : "http://localhost:8080/get/6318018633613852675",
  "method" : "GET",
  "params_map" : { },
  "headers" : {
    "host" : "localhost:8080",
    "connection" : "keep-alive",
    "cache-control" : "max-age=0",
    "upgrade-insecure-requests" : "1",
    "user-agent" : "Mozilla/5.0 (Windows NT 6.1; Win64; x64) AppleWebKit/537.36 (KHTML, like Gecko) Chrome/59.0.3071.115 Safari/537.36",
    "accept" : "text/html,application/xhtml+xml,application/xml;q=0.9,image/webp,image/apng,*/*;q=0.8",
    "accept-encoding" : "gzip, deflate, br",
    "accept-language" : "zh-CN,zh;q=0.8",
    "cookie" : "JSESSIONID=AC7C416A274CD6F4915D7C9895DD9831; SESSION=308577ad-1e72-4052-a8f1-86b008cfe01f"
  },
  "request_time" : "2017-10-18T17:31:16.708+08:00",
  "response_time" : "2017-10-18T17:31:22.764+08:00",
  "character_encoding" : "UTF-8",
  "content_length" : -1,
  "remote_host" : "0:0:0:0:0:0:0:1",
  "remote_port" : 65129
}
RESPONSE->
 {
  "headers" : {
    "X-Request-Id" : "x-6fb68ebb-6796-4833-8e3e-a44387898733"
  },
  "response_body" : {
    "data" : {
      "orderId" : "6318018633613852675",
      "buyerInstId" : "10000016",
      "buyerId" : "1508292282",
      "sellerInstId" : "6280581163371201539",
      "price" : 0.0100,
      "status" : 0,
      "createdTime" : 1508217854,
      "payTime" : 0
    },
    "code" : 0
  }
}
===2017-10-18 17:32:13.790 INFO  request.trace.logger Line:51  -
				RequestLoggingAspect#
REQUEST->
{
  "request_id" : "x-63ecfdaa-ee45-43d3-bd87-a8ac1dde2d0c",
  "url" : "http://localhost:8080/get/6318018633613852675",
  "method" : "GET",
  "params_map" : { },
  "headers" : {
    "host" : "localhost:8080",
    "connection" : "keep-alive",
    "cache-control" : "max-age=0",
    "upgrade-insecure-requests" : "1",
    "user-agent" : "Mozilla/5.0 (Windows NT 6.1; Win64; x64) AppleWebKit/537.36 (KHTML, like Gecko) Chrome/59.0.3071.115 Safari/537.36",
    "accept" : "text/html,application/xhtml+xml,application/xml;q=0.9,image/webp,image/apng,*/*;q=0.8",
    "accept-encoding" : "gzip, deflate, br",
    "accept-language" : "zh-CN,zh;q=0.8",
    "cookie" : "JSESSIONID=AC7C416A274CD6F4915D7C9895DD9831; SESSION=308577ad-1e72-4052-a8f1-86b008cfe01f"
  },
  "request_time" : "2017-10-18T17:31:59.095+08:00",
  "response_time" : "2017-10-18T17:32:13.79+08:00",
  "character_encoding" : "UTF-8",
  "content_length" : -1,
  "remote_host" : "0:0:0:0:0:0:0:1",
  "remote_port" : 65129
}
RESPONSE->
 {
  "headers" : {
    "X-Request-Id" : "x-63ecfdaa-ee45-43d3-bd87-a8ac1dde2d0c"
  },
  "response_body" : {
    "data" : {
      "orderId" : "6318018633613852675",
      "buyerInstId" : "10000016",
      "buyerId" : "1508292282",
      "sellerInstId" : "6280581163371201539",
      "price" : 0.0100,
      "status" : 0,
      "createdTime" : 1508217854,
      "payTime" : 0
    },
    "code" : 0
  }
}
===2017-10-18 17:32:37.404 INFO  request.trace.logger Line:51  -
				RequestLoggingAspect#
REQUEST->
{
  "request_id" : "x-fab6ac3a-d264-4b0f-a1c2-06030e6b2aef",
  "url" : "http://localhost:8080/get/6318018633613852675",
  "method" : "GET",
  "params_map" : { },
  "headers" : {
    "host" : "localhost:8080",
    "connection" : "keep-alive",
    "cache-control" : "max-age=0",
    "upgrade-insecure-requests" : "1",
    "user-agent" : "Mozilla/5.0 (Windows NT 6.1; Win64; x64) AppleWebKit/537.36 (KHTML, like Gecko) Chrome/59.0.3071.115 Safari/537.36",
    "accept" : "text/html,application/xhtml+xml,application/xml;q=0.9,image/webp,image/apng,*/*;q=0.8",
    "accept-encoding" : "gzip, deflate, br",
    "accept-language" : "zh-CN,zh;q=0.8",
    "cookie" : "JSESSIONID=AC7C416A274CD6F4915D7C9895DD9831; SESSION=308577ad-1e72-4052-a8f1-86b008cfe01f"
  },
  "request_time" : "2017-10-18T17:32:20.146+08:00",
  "response_time" : "2017-10-18T17:32:37.404+08:00",
  "character_encoding" : "UTF-8",
  "content_length" : -1,
  "remote_host" : "0:0:0:0:0:0:0:1",
  "remote_port" : 65129
}
RESPONSE->
 {
  "headers" : {
    "X-Request-Id" : "x-fab6ac3a-d264-4b0f-a1c2-06030e6b2aef"
  },
  "response_body" : {
    "data" : {
      "orderId" : "6318018633613852675",
      "buyerInstId" : "10000016",
      "buyerId" : "1508292282",
      "sellerInstId" : "6280581163371201539",
      "price" : 0.0100,
      "status" : 0,
      "createdTime" : 1508217854,
      "payTime" : 0
    },
    "code" : 0
  }
}
===2017-10-18 17:32:54.220 INFO  request.trace.logger Line:51  -
				RequestLoggingAspect#
REQUEST->
{
  "request_id" : "x-b420a3a9-e0e7-4f15-8630-21e096f1b6a5",
  "url" : "http://localhost:8080/get/6318018633613852675",
  "method" : "GET",
  "params_map" : { },
  "headers" : {
    "host" : "localhost:8080",
    "connection" : "keep-alive",
    "cache-control" : "max-age=0",
    "upgrade-insecure-requests" : "1",
    "user-agent" : "Mozilla/5.0 (Windows NT 6.1; Win64; x64) AppleWebKit/537.36 (KHTML, like Gecko) Chrome/59.0.3071.115 Safari/537.36",
    "accept" : "text/html,application/xhtml+xml,application/xml;q=0.9,image/webp,image/apng,*/*;q=0.8",
    "accept-encoding" : "gzip, deflate, br",
    "accept-language" : "zh-CN,zh;q=0.8",
    "cookie" : "JSESSIONID=AC7C416A274CD6F4915D7C9895DD9831; SESSION=308577ad-1e72-4052-a8f1-86b008cfe01f"
  },
  "request_time" : "2017-10-18T17:32:39.147+08:00",
  "response_time" : "2017-10-18T17:32:54.22+08:00",
  "character_encoding" : "UTF-8",
  "content_length" : -1,
  "remote_host" : "0:0:0:0:0:0:0:1",
  "remote_port" : 65129
}
RESPONSE->
 {
  "headers" : {
    "X-Request-Id" : "x-b420a3a9-e0e7-4f15-8630-21e096f1b6a5"
  },
  "response_body" : {
    "data" : {
      "orderId" : "6318018633613852675",
      "buyerInstId" : "10000016",
      "buyerId" : "1508292282",
      "sellerInstId" : "6280581163371201539",
      "price" : 0.0100,
      "status" : 0,
      "createdTime" : 1508217854,
      "payTime" : 0
    },
    "code" : 0
  }
}
===2017-10-18 17:34:09.904 INFO  request.trace.logger Line:51  -
				RequestLoggingAspect#
REQUEST->
{
  "request_id" : "x-8f3094e7-2a7b-452e-b3a6-7e1acfab1bc3",
  "url" : "http://localhost:8080/get/6318018633613852675",
  "method" : "GET",
  "params_map" : { },
  "headers" : {
    "host" : "localhost:8080",
    "connection" : "keep-alive",
    "cache-control" : "max-age=0",
    "upgrade-insecure-requests" : "1",
    "user-agent" : "Mozilla/5.0 (Windows NT 6.1; Win64; x64) AppleWebKit/537.36 (KHTML, like Gecko) Chrome/59.0.3071.115 Safari/537.36",
    "accept" : "text/html,application/xhtml+xml,application/xml;q=0.9,image/webp,image/apng,*/*;q=0.8",
    "accept-encoding" : "gzip, deflate, br",
    "accept-language" : "zh-CN,zh;q=0.8",
    "cookie" : "JSESSIONID=AC7C416A274CD6F4915D7C9895DD9831; SESSION=308577ad-1e72-4052-a8f1-86b008cfe01f"
  },
  "request_time" : "2017-10-18T17:32:57.11+08:00",
  "response_time" : "2017-10-18T17:34:09.904+08:00",
  "character_encoding" : "UTF-8",
  "content_length" : -1,
  "remote_host" : "0:0:0:0:0:0:0:1",
  "remote_port" : 65129
}
RESPONSE->
 {
  "headers" : {
    "X-Request-Id" : "x-8f3094e7-2a7b-452e-b3a6-7e1acfab1bc3"
  },
  "response_body" : {
    "data" : {
      "orderId" : "6318018633613852675",
      "buyerInstId" : "10000016",
      "buyerId" : "1508292282",
      "sellerInstId" : "6280581163371201539",
      "price" : 0.0100,
      "status" : 0,
      "createdTime" : 1508217854,
      "payTime" : 0
    },
    "code" : 0
  }
}
===2017-10-18 17:36:25.593 INFO  request.trace.logger Line:51  -
				RequestLoggingAspect#
REQUEST->
{
  "request_id" : "x-05402f11-d87a-47c2-80d7-b7ae93063ed5",
  "url" : "http://localhost:8080/get/6318018633613852675",
  "method" : "GET",
  "params_map" : { },
  "headers" : {
    "host" : "localhost:8080",
    "connection" : "keep-alive",
    "cache-control" : "max-age=0",
    "upgrade-insecure-requests" : "1",
    "user-agent" : "Mozilla/5.0 (Windows NT 6.1; Win64; x64) AppleWebKit/537.36 (KHTML, like Gecko) Chrome/59.0.3071.115 Safari/537.36",
    "accept" : "text/html,application/xhtml+xml,application/xml;q=0.9,image/webp,image/apng,*/*;q=0.8",
    "accept-encoding" : "gzip, deflate, br",
    "accept-language" : "zh-CN,zh;q=0.8",
    "cookie" : "JSESSIONID=AC7C416A274CD6F4915D7C9895DD9831; SESSION=308577ad-1e72-4052-a8f1-86b008cfe01f"
  },
  "request_time" : "2017-10-18T17:34:12.562+08:00",
  "response_time" : "2017-10-18T17:36:25.593+08:00",
  "character_encoding" : "UTF-8",
  "content_length" : -1,
  "remote_host" : "0:0:0:0:0:0:0:1",
  "remote_port" : 65129
}
RESPONSE->
 {
  "headers" : {
    "X-Request-Id" : "x-05402f11-d87a-47c2-80d7-b7ae93063ed5"
  },
  "response_body" : {
    "data" : { },
    "code" : 0
  }
}
===2017-10-18 17:36:49.801 INFO  request.trace.logger Line:51  -
				RequestLoggingAspect#
REQUEST->
{
  "request_id" : "x-ae63dffd-0ed9-475a-a6b2-2b5e64a9f622",
  "url" : "http://localhost:8080/get/6318018633613852675",
  "method" : "GET",
  "params_map" : { },
  "headers" : {
    "host" : "localhost:8080",
    "connection" : "keep-alive",
    "cache-control" : "max-age=0",
    "upgrade-insecure-requests" : "1",
    "user-agent" : "Mozilla/5.0 (Windows NT 6.1; Win64; x64) AppleWebKit/537.36 (KHTML, like Gecko) Chrome/59.0.3071.115 Safari/537.36",
    "accept" : "text/html,application/xhtml+xml,application/xml;q=0.9,image/webp,image/apng,*/*;q=0.8",
    "accept-encoding" : "gzip, deflate, br",
    "accept-language" : "zh-CN,zh;q=0.8",
    "cookie" : "JSESSIONID=AC7C416A274CD6F4915D7C9895DD9831; SESSION=308577ad-1e72-4052-a8f1-86b008cfe01f"
  },
  "request_time" : "2017-10-18T17:36:30.435+08:00",
  "response_time" : "2017-10-18T17:36:49.801+08:00",
  "character_encoding" : "UTF-8",
  "content_length" : -1,
  "remote_host" : "0:0:0:0:0:0:0:1",
  "remote_port" : 65129
}
RESPONSE->
 {
  "headers" : {
    "X-Request-Id" : "x-ae63dffd-0ed9-475a-a6b2-2b5e64a9f622"
  },
  "response_body" : {
    "data" : {
      "orderId" : "6318018633613852675",
      "buyerId" : "1508292282"
    },
    "code" : 0
  }
}
===2017-10-18 17:55:58.505 INFO  request.trace.logger Line:51  -
				RequestLoggingAspect#
REQUEST->
{
  "request_id" : "x-7367d4d1-f0a0-4283-a6c8-6aacf20848d1",
  "url" : "http://localhost:8080/get/6318018633613852675",
  "method" : "GET",
  "params_map" : { },
  "headers" : {
    "host" : "localhost:8080",
    "connection" : "keep-alive",
    "cache-control" : "max-age=0",
    "upgrade-insecure-requests" : "1",
    "user-agent" : "Mozilla/5.0 (Windows NT 6.1; Win64; x64) AppleWebKit/537.36 (KHTML, like Gecko) Chrome/59.0.3071.115 Safari/537.36",
    "accept" : "text/html,application/xhtml+xml,application/xml;q=0.9,image/webp,image/apng,*/*;q=0.8",
    "accept-encoding" : "gzip, deflate, br",
    "accept-language" : "zh-CN,zh;q=0.8",
    "cookie" : "JSESSIONID=AC7C416A274CD6F4915D7C9895DD9831; SESSION=308577ad-1e72-4052-a8f1-86b008cfe01f"
  },
  "request_time" : "2017-10-18T17:55:58.4+08:00",
  "response_time" : "2017-10-18T17:55:58.504+08:00",
  "character_encoding" : "UTF-8",
  "content_length" : -1,
  "remote_host" : "0:0:0:0:0:0:0:1",
  "remote_port" : 52639
}
RESPONSE->
 {
  "headers" : {
    "X-Request-Id" : "x-7367d4d1-f0a0-4283-a6c8-6aacf20848d1"
  },
  "response_body" : {
    "data" : {
      "orderId" : "6318018633613852675",
      "buyerId" : "1508292282"
    },
    "code" : 0
  }
}
===2017-10-18 17:55:59.361 INFO  request.trace.logger Line:51  -
				RequestLoggingAspect#
REQUEST->
{
  "request_id" : "x-fc9ff061-69e9-4b68-b04b-2e9a663598a2",
  "url" : "http://localhost:8080/get/6318018633613852675",
  "method" : "GET",
  "params_map" : { },
  "headers" : {
    "host" : "localhost:8080",
    "connection" : "keep-alive",
    "cache-control" : "max-age=0",
    "upgrade-insecure-requests" : "1",
    "user-agent" : "Mozilla/5.0 (Windows NT 6.1; Win64; x64) AppleWebKit/537.36 (KHTML, like Gecko) Chrome/59.0.3071.115 Safari/537.36",
    "accept" : "text/html,application/xhtml+xml,application/xml;q=0.9,image/webp,image/apng,*/*;q=0.8",
    "accept-encoding" : "gzip, deflate, br",
    "accept-language" : "zh-CN,zh;q=0.8",
    "cookie" : "JSESSIONID=AC7C416A274CD6F4915D7C9895DD9831; SESSION=308577ad-1e72-4052-a8f1-86b008cfe01f"
  },
  "request_time" : "2017-10-18T17:55:59.323+08:00",
  "response_time" : "2017-10-18T17:55:59.361+08:00",
  "character_encoding" : "UTF-8",
  "content_length" : -1,
  "remote_host" : "0:0:0:0:0:0:0:1",
  "remote_port" : 52639
}
RESPONSE->
 {
  "headers" : {
    "X-Request-Id" : "x-fc9ff061-69e9-4b68-b04b-2e9a663598a2"
  },
  "response_body" : {
    "data" : {
      "orderId" : "6318018633613852675",
      "buyerId" : "1508292282"
    },
    "code" : 0
  }
}
